\BOOKMARK [0][-]{contents.0}{Table\040of\040Contents}{}% 1
\BOOKMARK [0][-]{section*.4}{List\040of\040Figures}{}% 2
\BOOKMARK [0][-]{section*.6}{List\040of\040Tables}{}% 3
\BOOKMARK [0][-]{section*.8}{List\040of\040Algorithms}{}% 4
\BOOKMARK [0][-]{chapter*.10}{Abstract}{}% 5
\BOOKMARK [0][-]{chapter*.11}{Εκτεταμένη Περίληψη}{}% 6
\BOOKMARK [0][-]{chapter.1}{Introduction}{}% 7
\BOOKMARK [1][-]{section.1.1}{Motivation}{chapter.1}% 8
\BOOKMARK [1][-]{section.1.2}{Objectives}{chapter.1}% 9
\BOOKMARK [1][-]{section.1.3}{Structure}{chapter.1}% 10
\BOOKMARK [0][-]{chapter.2}{Preliminaries}{}% 11
\BOOKMARK [1][-]{section.2.1}{Branching\040Processes}{chapter.2}% 12
\BOOKMARK [1][-]{section.2.2}{Bayesian\040Inference}{chapter.2}% 13
\BOOKMARK [0][-]{chapter.3}{Agents\040Propagation\040Model}{}% 14
\BOOKMARK [1][-]{section.3.1}{A\040Probabilistic\040Representation\040of\040News}{chapter.3}% 15
\BOOKMARK [2][-]{subsection.3.1.1}{Example}{section.3.1}% 16
\BOOKMARK [1][-]{section.3.2}{Sharing\040Process\040and\040Agents\040Behavior}{chapter.3}% 17
\BOOKMARK [1][-]{section.3.3}{Propagation\040Dynamics}{chapter.3}% 18
\BOOKMARK [0][-]{chapter.4}{Platforms'\040Inspection\040Mechanisms}{}% 19
\BOOKMARK [1][-]{section.4.1}{Introducing\040Platform\040in\040the\040Sharing\040Process}{chapter.4}% 20
\BOOKMARK [1][-]{section.4.2}{Platforms'\040Inspection\040Problem}{chapter.4}% 21
\BOOKMARK [1][-]{section.4.3}{Optimization\040Criterion\040for\040Inspection\040Time}{chapter.4}% 22
\BOOKMARK [0][-]{chapter.5}{Conclusion\040and\040Future\040Work}{}% 23
\BOOKMARK [1][-]{section.5.1}{Conclusion\040}{chapter.5}% 24
\BOOKMARK [1][-]{section.5.2}{Future\040Work}{chapter.5}% 25
\BOOKMARK [0][-]{section*.23}{Bibliography}{}% 26
\BOOKMARK [0][-]{appendix.A}{Supplementary\040Material\040for\040Chapter\040\0403}{}% 27
\BOOKMARK [0][-]{viografiko.0}{Short\040Biography}{}% 28
